system   D            wsystem.c:583  maybe_parent_dir                 [   0,01485] Also searching C:\Users\Eridor\Documents\GitHub\LostScout\game\
system   D            wsystem.c:633  _al_win_safe_load_library        [   0,02582] PathFindOnPath found: C:\Windows\system32\d3d9.dll
system   D            wsystem.c:544  load_library_at_path             [   0,02990] Calling LoadLibrary C:\Windows\system32\d3d9.dll
system   I            wsystem.c:547  load_library_at_path             [   0,03692] Loaded C:\Windows\system32\d3d9.dll
d3d      I         d3d_disp.cpp:696  _al_d3d_init_display             [   0,04731] Render-to-texture: 1
system   I             system.c:252  al_install_system                [   0,04736] Allegro version: 5.0.10
d3d      I         d3d_disp.cpp:1737 d3d_create_display_locked        [   0,04907] faux_fullscreen=0
d3d      D         d3d_disp.cpp:1738 d3d_create_display_locked        [   0,04910] al_display=005E6C50
d3d      D         d3d_disp.cpp:1739 d3d_create_display_locked        [   0,04912] al_display->vt=005F0F08
d3d      I d3d_display_formats.cpp:144  _al_d3d_generate_display_format_list [   0,05164] found 64 format combinations
display  D   display_settings.c:191  debug_display_settings           [   0,05169] color: 32 (rgba 8880), depth: 0, stencil: 0, acc: 0000, samples: 0/0
display  D   display_settings.c:506  _al_score_display_settings       [   0,05171] Score is : 897
display  D   display_settings.c:191  debug_display_settings           [   0,05173] color: 32 (rgba 8880), depth: 0, stencil: 0, acc: 0000, samples: 0/0
display  D   display_settings.c:506  _al_score_display_settings       [   0,05175] Score is : 897
display  D   display_settings.c:191  debug_display_settings           [   0,05176] color: 32 (rgba 8880), depth: 24, stencil: 8, acc: 0000, samples: 0/0
display  D   display_settings.c:506  _al_score_display_settings       [   0,05178] Score is : 897
display  D   display_settings.c:191  debug_display_settings           [   0,05179] color: 32 (rgba 8880), depth: 24, stencil: 8, acc: 0000, samples: 0/0
display  D   display_settings.c:506  _al_score_display_settings       [   0,05181] Score is : 897
display  D   display_settings.c:191  debug_display_settings           [   0,05183] color: 32 (rgba 8880), depth: 24, stencil: 0, acc: 0000, samples: 0/0
display  D   display_settings.c:506  _al_score_display_settings       [   0,05184] Score is : 897
display  D   display_settings.c:191  debug_display_settings           [   0,05186] color: 32 (rgba 8880), depth: 24, stencil: 0, acc: 0000, samples: 0/0
display  D   display_settings.c:506  _al_score_display_settings       [   0,05188] Score is : 897
display  D   display_settings.c:191  debug_display_settings           [   0,05189] color: 32 (rgba 8880), depth: 16, stencil: 0, acc: 0000, samples: 0/0
display  D   display_settings.c:506  _al_score_display_settings       [   0,05191] Score is : 897
display  D   display_settings.c:191  debug_display_settings           [   0,05192] color: 32 (rgba 8880), depth: 16, stencil: 0, acc: 0000, samples: 0/0
display  D   display_settings.c:506  _al_score_display_settings       [   0,05194] Score is : 897
display  D   display_settings.c:191  debug_display_settings           [   0,05195] color: 16 (rgba 5650), depth: 0, stencil: 0, acc: 0000, samples: 0/0
display  D   display_settings.c:506  _al_score_display_settings       [   0,05197] Score is : 897
display  D   display_settings.c:191  debug_display_settings           [   0,05198] color: 16 (rgba 5650), depth: 0, stencil: 0, acc: 0000, samples: 0/0
display  D   display_settings.c:506  _al_score_display_settings       [   0,05200] Score is : 897
display  D   display_settings.c:191  debug_display_settings           [   0,05201] color: 16 (rgba 5650), depth: 24, stencil: 8, acc: 0000, samples: 0/0
display  D   display_settings.c:506  _al_score_display_settings       [   0,05203] Score is : 897
display  D   display_settings.c:191  debug_display_settings           [   0,05204] color: 16 (rgba 5650), depth: 24, stencil: 8, acc: 0000, samples: 0/0
display  D   display_settings.c:506  _al_score_display_settings       [   0,05211] Score is : 897
display  D   display_settings.c:191  debug_display_settings           [   0,05212] color: 16 (rgba 5650), depth: 24, stencil: 0, acc: 0000, samples: 0/0
display  D   display_settings.c:506  _al_score_display_settings       [   0,05214] Score is : 897
display  D   display_settings.c:191  debug_display_settings           [   0,05216] color: 16 (rgba 5650), depth: 24, stencil: 0, acc: 0000, samples: 0/0
display  D   display_settings.c:506  _al_score_display_settings       [   0,05217] Score is : 897
display  D   display_settings.c:191  debug_display_settings           [   0,05219] color: 16 (rgba 5650), depth: 16, stencil: 0, acc: 0000, samples: 0/0
display  D   display_settings.c:506  _al_score_display_settings       [   0,05221] Score is : 897
display  D   display_settings.c:191  debug_display_settings           [   0,05222] color: 16 (rgba 5650), depth: 16, stencil: 0, acc: 0000, samples: 0/0
display  D   display_settings.c:506  _al_score_display_settings       [   0,05224] Score is : 897
display  D   display_settings.c:191  debug_display_settings           [   0,05225] color: 32 (rgba 8880), depth: 0, stencil: 0, acc: 0000, samples: 0/0
display  D   display_settings.c:377  _al_score_display_settings       [   0,05227] Single Buffer requirement not met.
display  D   display_settings.c:191  debug_display_settings           [   0,05228] color: 32 (rgba 8880), depth: 0, stencil: 0, acc: 0000, samples: 0/0
display  D   display_settings.c:377  _al_score_display_settings       [   0,05230] Single Buffer requirement not met.
display  D   display_settings.c:191  debug_display_settings           [   0,05231] color: 32 (rgba 8880), depth: 24, stencil: 8, acc: 0000, samples: 0/0
display  D   display_settings.c:377  _al_score_display_settings       [   0,05233] Single Buffer requirement not met.
display  D   display_settings.c:191  debug_display_settings           [   0,05234] color: 32 (rgba 8880), depth: 24, stencil: 8, acc: 0000, samples: 0/0
display  D   display_settings.c:377  _al_score_display_settings       [   0,05236] Single Buffer requirement not met.
display  D   display_settings.c:191  debug_display_settings           [   0,05238] color: 32 (rgba 8880), depth: 24, stencil: 0, acc: 0000, samples: 0/0
display  D   display_settings.c:377  _al_score_display_settings       [   0,05239] Single Buffer requirement not met.
display  D   display_settings.c:191  debug_display_settings           [   0,05241] color: 32 (rgba 8880), depth: 24, stencil: 0, acc: 0000, samples: 0/0
display  D   display_settings.c:377  _al_score_display_settings       [   0,05242] Single Buffer requirement not met.
display  D   display_settings.c:191  debug_display_settings           [   0,05244] color: 32 (rgba 8880), depth: 16, stencil: 0, acc: 0000, samples: 0/0
display  D   display_settings.c:377  _al_score_display_settings       [   0,05246] Single Buffer requirement not met.
display  D   display_settings.c:191  debug_display_settings           [   0,05247] color: 32 (rgba 8880), depth: 16, stencil: 0, acc: 0000, samples: 0/0
display  D   display_settings.c:377  _al_score_display_settings       [   0,05249] Single Buffer requirement not met.
display  D   display_settings.c:191  debug_display_settings           [   0,05250] color: 16 (rgba 5650), depth: 0, stencil: 0, acc: 0000, samples: 0/0
display  D   display_settings.c:377  _al_score_display_settings       [   0,05252] Single Buffer requirement not met.
display  D   display_settings.c:191  debug_display_settings           [   0,05253] color: 16 (rgba 5650), depth: 0, stencil: 0, acc: 0000, samples: 0/0
display  D   display_settings.c:377  _al_score_display_settings       [   0,05255] Single Buffer requirement not met.
display  D   display_settings.c:191  debug_display_settings           [   0,05256] color: 16 (rgba 5650), depth: 24, stencil: 8, acc: 0000, samples: 0/0
display  D   display_settings.c:377  _al_score_display_settings       [   0,05258] Single Buffer requirement not met.
display  D   display_settings.c:191  debug_display_settings           [   0,05262] color: 16 (rgba 5650), depth: 24, stencil: 8, acc: 0000, samples: 0/0
display  D   display_settings.c:377  _al_score_display_settings       [   0,05264] Single Buffer requirement not met.
display  D   display_settings.c:191  debug_display_settings           [   0,05266] color: 16 (rgba 5650), depth: 24, stencil: 0, acc: 0000, samples: 0/0
display  D   display_settings.c:377  _al_score_display_settings       [   0,05268] Single Buffer requirement not met.
display  D   display_settings.c:191  debug_display_settings           [   0,05269] color: 16 (rgba 5650), depth: 24, stencil: 0, acc: 0000, samples: 0/0
display  D   display_settings.c:377  _al_score_display_settings       [   0,05271] Single Buffer requirement not met.
display  D   display_settings.c:191  debug_display_settings           [   0,05272] color: 16 (rgba 5650), depth: 16, stencil: 0, acc: 0000, samples: 0/0
display  D   display_settings.c:377  _al_score_display_settings       [   0,05274] Single Buffer requirement not met.
display  D   display_settings.c:191  debug_display_settings           [   0,05275] color: 16 (rgba 5650), depth: 16, stencil: 0, acc: 0000, samples: 0/0
display  D   display_settings.c:377  _al_score_display_settings       [   0,05277] Single Buffer requirement not met.
display  D   display_settings.c:191  debug_display_settings           [   0,05278] color: 32 (rgba 8880), depth: 0, stencil: 0, acc: 0000, samples: 0/0
display  D   display_settings.c:506  _al_score_display_settings       [   0,05280] Score is : 769
display  D   display_settings.c:191  debug_display_settings           [   0,05281] color: 32 (rgba 8880), depth: 0, stencil: 0, acc: 0000, samples: 0/0
display  D   display_settings.c:506  _al_score_display_settings       [   0,05283] Score is : 769
display  D   display_settings.c:191  debug_display_settings           [   0,05285] color: 32 (rgba 8880), depth: 24, stencil: 8, acc: 0000, samples: 0/0
display  D   display_settings.c:506  _al_score_display_settings       [   0,05286] Score is : 769
display  D   display_settings.c:191  debug_display_settings           [   0,05288] color: 32 (rgba 8880), depth: 24, stencil: 8, acc: 0000, samples: 0/0
display  D   display_settings.c:506  _al_score_display_settings       [   0,05289] Score is : 769
display  D   display_settings.c:191  debug_display_settings           [   0,05291] color: 32 (rgba 8880), depth: 24, stencil: 0, acc: 0000, samples: 0/0
display  D   display_settings.c:506  _al_score_display_settings       [   0,05292] Score is : 769
display  D   display_settings.c:191  debug_display_settings           [   0,05294] color: 32 (rgba 8880), depth: 24, stencil: 0, acc: 0000, samples: 0/0
display  D   display_settings.c:506  _al_score_display_settings       [   0,05295] Score is : 769
display  D   display_settings.c:191  debug_display_settings           [   0,05297] color: 32 (rgba 8880), depth: 16, stencil: 0, acc: 0000, samples: 0/0
display  D   display_settings.c:506  _al_score_display_settings       [   0,05299] Score is : 769
display  D   display_settings.c:191  debug_display_settings           [   0,05300] color: 32 (rgba 8880), depth: 16, stencil: 0, acc: 0000, samples: 0/0
display  D   display_settings.c:506  _al_score_display_settings       [   0,05302] Score is : 769
display  D   display_settings.c:191  debug_display_settings           [   0,05303] color: 16 (rgba 5650), depth: 0, stencil: 0, acc: 0000, samples: 0/0
display  D   display_settings.c:506  _al_score_display_settings       [   0,05305] Score is : 769
display  D   display_settings.c:191  debug_display_settings           [   0,05306] color: 16 (rgba 5650), depth: 0, stencil: 0, acc: 0000, samples: 0/0
display  D   display_settings.c:506  _al_score_display_settings       [   0,05308] Score is : 769
display  D   display_settings.c:191  debug_display_settings           [   0,05309] color: 16 (rgba 5650), depth: 24, stencil: 8, acc: 0000, samples: 0/0
display  D   display_settings.c:506  _al_score_display_settings       [   0,05311] Score is : 769
display  D   display_settings.c:191  debug_display_settings           [   0,05312] color: 16 (rgba 5650), depth: 24, stencil: 8, acc: 0000, samples: 0/0
display  D   display_settings.c:506  _al_score_display_settings       [   0,05314] Score is : 769
display  D   display_settings.c:191  debug_display_settings           [   0,05316] color: 16 (rgba 5650), depth: 24, stencil: 0, acc: 0000, samples: 0/0
display  D   display_settings.c:506  _al_score_display_settings       [   0,05317] Score is : 769
display  D   display_settings.c:191  debug_display_settings           [   0,05319] color: 16 (rgba 5650), depth: 24, stencil: 0, acc: 0000, samples: 0/0
display  D   display_settings.c:506  _al_score_display_settings       [   0,05320] Score is : 769
display  D   display_settings.c:191  debug_display_settings           [   0,05322] color: 16 (rgba 5650), depth: 16, stencil: 0, acc: 0000, samples: 0/0
display  D   display_settings.c:506  _al_score_display_settings       [   0,05324] Score is : 769
display  D   display_settings.c:191  debug_display_settings           [   0,05325] color: 16 (rgba 5650), depth: 16, stencil: 0, acc: 0000, samples: 0/0
display  D   display_settings.c:506  _al_score_display_settings       [   0,05327] Score is : 769
display  D   display_settings.c:191  debug_display_settings           [   0,05328] color: 32 (rgba 8880), depth: 0, stencil: 0, acc: 0000, samples: 0/0
display  D   display_settings.c:377  _al_score_display_settings       [   0,05330] Single Buffer requirement not met.
display  D   display_settings.c:191  debug_display_settings           [   0,05331] color: 32 (rgba 8880), depth: 0, stencil: 0, acc: 0000, samples: 0/0
display  D   display_settings.c:377  _al_score_display_settings       [   0,05333] Single Buffer requirement not met.
display  D   display_settings.c:191  debug_display_settings           [   0,05334] color: 32 (rgba 8880), depth: 24, stencil: 8, acc: 0000, samples: 0/0
display  D   display_settings.c:377  _al_score_display_settings       [   0,05336] Single Buffer requirement not met.
display  D   display_settings.c:191  debug_display_settings           [   0,05337] color: 32 (rgba 8880), depth: 24, stencil: 8, acc: 0000, samples: 0/0
display  D   display_settings.c:377  _al_score_display_settings       [   0,05339] Single Buffer requirement not met.
display  D   display_settings.c:191  debug_display_settings           [   0,05340] color: 32 (rgba 8880), depth: 24, stencil: 0, acc: 0000, samples: 0/0
display  D   display_settings.c:377  _al_score_display_settings       [   0,05342] Single Buffer requirement not met.
display  D   display_settings.c:191  debug_display_settings           [   0,05344] color: 32 (rgba 8880), depth: 24, stencil: 0, acc: 0000, samples: 0/0
display  D   display_settings.c:377  _al_score_display_settings       [   0,05345] Single Buffer requirement not met.
display  D   display_settings.c:191  debug_display_settings           [   0,05347] color: 32 (rgba 8880), depth: 16, stencil: 0, acc: 0000, samples: 0/0
display  D   display_settings.c:377  _al_score_display_settings       [   0,05348] Single Buffer requirement not met.
display  D   display_settings.c:191  debug_display_settings           [   0,05350] color: 32 (rgba 8880), depth: 16, stencil: 0, acc: 0000, samples: 0/0
display  D   display_settings.c:377  _al_score_display_settings       [   0,05352] Single Buffer requirement not met.
display  D   display_settings.c:191  debug_display_settings           [   0,05353] color: 16 (rgba 5650), depth: 0, stencil: 0, acc: 0000, samples: 0/0
display  D   display_settings.c:377  _al_score_display_settings       [   0,05355] Single Buffer requirement not met.
display  D   display_settings.c:191  debug_display_settings           [   0,05356] color: 16 (rgba 5650), depth: 0, stencil: 0, acc: 0000, samples: 0/0
display  D   display_settings.c:377  _al_score_display_settings       [   0,05358] Single Buffer requirement not met.
display  D   display_settings.c:191  debug_display_settings           [   0,05360] color: 16 (rgba 5650), depth: 24, stencil: 8, acc: 0000, samples: 0/0
display  D   display_settings.c:377  _al_score_display_settings       [   0,05364] Single Buffer requirement not met.
display  D   display_settings.c:191  debug_display_settings           [   0,05366] color: 16 (rgba 5650), depth: 24, stencil: 8, acc: 0000, samples: 0/0
display  D   display_settings.c:377  _al_score_display_settings       [   0,05368] Single Buffer requirement not met.
display  D   display_settings.c:191  debug_display_settings           [   0,05369] color: 16 (rgba 5650), depth: 24, stencil: 0, acc: 0000, samples: 0/0
display  D   display_settings.c:377  _al_score_display_settings       [   0,05371] Single Buffer requirement not met.
display  D   display_settings.c:191  debug_display_settings           [   0,05372] color: 16 (rgba 5650), depth: 24, stencil: 0, acc: 0000, samples: 0/0
display  D   display_settings.c:377  _al_score_display_settings       [   0,05374] Single Buffer requirement not met.
display  D   display_settings.c:191  debug_display_settings           [   0,05375] color: 16 (rgba 5650), depth: 16, stencil: 0, acc: 0000, samples: 0/0
display  D   display_settings.c:377  _al_score_display_settings       [   0,05377] Single Buffer requirement not met.
display  D   display_settings.c:191  debug_display_settings           [   0,05379] color: 16 (rgba 5650), depth: 16, stencil: 0, acc: 0000, samples: 0/0
display  D   display_settings.c:377  _al_score_display_settings       [   0,05380] Single Buffer requirement not met.
d3d      D         d3d_disp.cpp:1645 d3d_create_display_internals     [   0,05383] Trying format 0.
d3d      I         d3d_disp.cpp:1326 d3d_display_thread_proc          [   0,05450] Chose a display format: 23
d3d      I         d3d_disp.cpp:1395 d3d_display_thread_proc          [   0,05454] Normal window.
d3d      I         d3d_disp.cpp:801  d3d_create_device                [   0,09016] Using no depth stencil buffer
d3d      D         d3d_disp.cpp:866  d3d_create_device                [   0,13026] BeginScene succeeded in create_device
d3d      D         d3d_disp.cpp:874  d3d_create_device                [   0,13030] Success
d3d      D         d3d_disp.cpp:1668 d3d_create_display_internals     [   0,13033] Resumed after wait.
d3d      I         d3d_disp.cpp:1701 d3d_create_display_internals     [   0,13037] Format 0 succeeded.
d3d      D         d3d_disp.cpp:1724 d3d_create_display_internals     [   0,13040] Returning d3d_display: 005E6C50
d3d      D         d3d_disp.cpp:1749 d3d_create_display_locked        [   0,13042] al_display=005E6C50
d3d      D         d3d_disp.cpp:1750 d3d_create_display_locked        [   0,13043] al_display->vt=005F0F08
dtor     D               dtor.c:184  _al_register_destructor          [   0,13192] added dtor for object 0060C848, func 0F1224D2
audio-dsound D           dsound.cpp:244  _dsound_open                     [   0,18714] Loading DirectSound module
system   D            wsystem.c:583  maybe_parent_dir                 [   0,18730] Also searching C:\Users\Eridor\Documents\GitHub\LostScout\game\
system   D            wsystem.c:633  _al_win_safe_load_library        [   0,18749] PathFindOnPath found: C:\Windows\system32\dsound.dll
system   D            wsystem.c:544  load_library_at_path             [   0,18751] Calling LoadLibrary C:\Windows\system32\dsound.dll
system   I            wsystem.c:547  load_library_at_path             [   0,19084] Loaded C:\Windows\system32\dsound.dll
audio-dsound I           dsound.cpp:261  _dsound_open                     [   0,19092] Starting DirectSound...
audio-dsound D           dsound.cpp:271  _dsound_open                     [   0,22367] DirectSoundCreate8 succeeded
audio    I              audio.c:288  do_install_audio                 [   0,22502] Using DirectSound driver
audio-dsound D           dsound.cpp:306  _dsound_allocate_voice           [   0,22518] Allocating voice
audio-dsound D           dsound.cpp:365  _dsound_allocate_voice           [   0,22520] Allocated voice
dtor     D               dtor.c:184  _al_register_destructor          [   0,22522] added dtor for object 00628AE8, func 0F122513
dtor     D               dtor.c:184  _al_register_destructor          [   0,22527] added dtor for object 00636F08, func 0F122919
audio-dsound D           dsound.cpp:462  _dsound_start_voice              [   0,22531] Starting voice
audio-dsound D           dsound.cpp:491  _dsound_start_voice              [   0,22532] CreateSoundBuffer
audio-dsound D           dsound.cpp:500  _dsound_start_voice              [   0,22631] CreateSoundBuffer succeeded
audio-dsound D           dsound.cpp:506  _dsound_start_voice              [   0,22634] Starting _dsound_update thread
audio-dsound I           dsound.cpp:516  _dsound_start_voice              [   0,22657] Voice started
dtor     D               dtor.c:184  _al_register_destructor          [   0,22664] added dtor for object 00641738, func 0F1223F1
audio    D          kcm_mixer.c:121  _al_rechannel_matrix             [   0,22669] sample matrix:
audio    D          kcm_mixer.c:127  _al_rechannel_matrix             [   0,22671] 
audio    D          kcm_mixer.c:127  _al_rechannel_matrix             [   0,22674] 
dtor     D               dtor.c:184  _al_register_destructor          [   0,22682] added dtor for object 006413C8, func 0F1223F1
audio    D          kcm_mixer.c:121  _al_rechannel_matrix             [   0,22697] sample matrix:
audio    D          kcm_mixer.c:127  _al_rechannel_matrix             [   0,22699] 
audio    D          kcm_mixer.c:127  _al_rechannel_matrix             [   0,22700] 
dtor     D               dtor.c:184  _al_register_destructor          [   0,22703] added dtor for object 00651B68, func 0F1223F1
audio    D          kcm_mixer.c:121  _al_rechannel_matrix             [   0,22704] sample matrix:
audio    D          kcm_mixer.c:127  _al_rechannel_matrix             [   0,22706] 
audio    D          kcm_mixer.c:127  _al_rechannel_matrix             [   0,22707] 
dtor     D               dtor.c:184  _al_register_destructor          [   0,22709] added dtor for object 00651D80, func 0F1223F1
audio    D          kcm_mixer.c:121  _al_rechannel_matrix             [   0,22710] sample matrix:
audio    D          kcm_mixer.c:127  _al_rechannel_matrix             [   0,22712] 
audio    D          kcm_mixer.c:127  _al_rechannel_matrix             [   0,22713] 
dtor     D               dtor.c:184  _al_register_destructor          [   0,22716] added dtor for object 006521A0, func 0F1223F1
audio    D          kcm_mixer.c:121  _al_rechannel_matrix             [   0,22718] sample matrix:
audio    D          kcm_mixer.c:127  _al_rechannel_matrix             [   0,22719] 
audio    D          kcm_mixer.c:127  _al_rechannel_matrix             [   0,22721] 
dtor     D               dtor.c:184  _al_register_destructor          [   0,22722] added dtor for object 006522B8, func 0F1223F1
audio    D          kcm_mixer.c:121  _al_rechannel_matrix             [   0,22724] sample matrix:
audio    D          kcm_mixer.c:127  _al_rechannel_matrix             [   0,22725] 
audio    D          kcm_mixer.c:127  _al_rechannel_matrix             [   0,22726] 
dtor     D               dtor.c:184  _al_register_destructor          [   0,22728] added dtor for object 006528D0, func 0F1223F1
audio    D          kcm_mixer.c:121  _al_rechannel_matrix             [   0,22730] sample matrix:
audio    D          kcm_mixer.c:127  _al_rechannel_matrix             [   0,22731] 
audio    D          kcm_mixer.c:127  _al_rechannel_matrix             [   0,22732] 
dtor     D               dtor.c:184  _al_register_destructor          [   0,22734] added dtor for object 00652AA8, func 0F1223F1
audio    D          kcm_mixer.c:121  _al_rechannel_matrix             [   0,22735] sample matrix:
audio    D          kcm_mixer.c:127  _al_rechannel_matrix             [   0,22736] 
audio    D          kcm_mixer.c:127  _al_rechannel_matrix             [   0,22738] 
dtor     D               dtor.c:184  _al_register_destructor          [   0,22740] added dtor for object 00652500, func 0F1223F1
audio    D          kcm_mixer.c:121  _al_rechannel_matrix             [   0,22742] sample matrix:
audio    D          kcm_mixer.c:127  _al_rechannel_matrix             [   0,22743] 
audio    D          kcm_mixer.c:127  _al_rechannel_matrix             [   0,22745] 
dtor     D               dtor.c:184  _al_register_destructor          [   0,22746] added dtor for object 00651F18, func 0F1223F1
audio    D          kcm_mixer.c:121  _al_rechannel_matrix             [   0,22748] sample matrix:
audio    D          kcm_mixer.c:127  _al_rechannel_matrix             [   0,22749] 
audio    D          kcm_mixer.c:127  _al_rechannel_matrix             [   0,22750] 
dtor     D               dtor.c:184  _al_register_destructor          [   0,22753] added dtor for object 00652EF8, func 0F1223F1
audio    D          kcm_mixer.c:121  _al_rechannel_matrix             [   0,22754] sample matrix:
audio    D          kcm_mixer.c:127  _al_rechannel_matrix             [   0,22756] 
audio    D          kcm_mixer.c:127  _al_rechannel_matrix             [   0,22757] 
dtor     D               dtor.c:184  _al_register_destructor          [   0,22758] added dtor for object 00652DA0, func 0F1223F1
audio    D          kcm_mixer.c:121  _al_rechannel_matrix             [   0,22760] sample matrix:
audio    D          kcm_mixer.c:127  _al_rechannel_matrix             [   0,22761] 
audio    D          kcm_mixer.c:127  _al_rechannel_matrix             [   0,22762] 
dtor     D               dtor.c:184  _al_register_destructor          [   0,22764] added dtor for object 006531A0, func 0F1223F1
audio    D          kcm_mixer.c:121  _al_rechannel_matrix             [   0,22766] sample matrix:
audio    D          kcm_mixer.c:127  _al_rechannel_matrix             [   0,22767] 
audio    D          kcm_mixer.c:127  _al_rechannel_matrix             [   0,22768] 
dtor     D               dtor.c:184  _al_register_destructor          [   0,22770] added dtor for object 006526E0, func 0F1223F1
audio    D          kcm_mixer.c:121  _al_rechannel_matrix             [   0,22771] sample matrix:
audio    D          kcm_mixer.c:127  _al_rechannel_matrix             [   0,22772] 
audio    D          kcm_mixer.c:127  _al_rechannel_matrix             [   0,22774] 
dtor     D               dtor.c:184  _al_register_destructor          [   0,22775] added dtor for object 00653010, func 0F1223F1
audio    D          kcm_mixer.c:121  _al_rechannel_matrix             [   0,22777] sample matrix:
audio    D          kcm_mixer.c:127  _al_rechannel_matrix             [   0,22778] 
audio    D          kcm_mixer.c:127  _al_rechannel_matrix             [   0,22780] 
dtor     D               dtor.c:184  _al_register_destructor          [   0,22781] added dtor for object 006535F0, func 0F1223F1
audio    D          kcm_mixer.c:121  _al_rechannel_matrix             [   0,22783] sample matrix:
audio    D          kcm_mixer.c:127  _al_rechannel_matrix             [   0,22784] 
audio    D          kcm_mixer.c:127  _al_rechannel_matrix             [   0,22785] 
dtor     D               dtor.c:184  _al_register_destructor          [   0,22787] added dtor for object 006539B0, func 0F1223F1
audio    D          kcm_mixer.c:121  _al_rechannel_matrix             [   0,22789] sample matrix:
audio    D          kcm_mixer.c:127  _al_rechannel_matrix             [   0,22790] 
audio    D          kcm_mixer.c:127  _al_rechannel_matrix             [   0,22792] 
dtor     D               dtor.c:184  _al_register_destructor          [   0,22793] added dtor for object 00653B88, func 0F1223F1
audio    D          kcm_mixer.c:121  _al_rechannel_matrix             [   0,22795] sample matrix:
audio    D          kcm_mixer.c:127  _al_rechannel_matrix             [   0,22796] 
audio    D          kcm_mixer.c:127  _al_rechannel_matrix             [   0,22797] 
dtor     D               dtor.c:184  _al_register_destructor          [   0,22799] added dtor for object 00652030, func 0F1223F1
audio    D          kcm_mixer.c:121  _al_rechannel_matrix             [   0,22800] sample matrix:
audio    D          kcm_mixer.c:127  _al_rechannel_matrix             [   0,22802] 
audio    D          kcm_mixer.c:127  _al_rechannel_matrix             [   0,22804] 
dtor     D               dtor.c:184  _al_register_destructor          [   0,22805] added dtor for object 006532B8, func 0F1223F1
audio    D          kcm_mixer.c:121  _al_rechannel_matrix             [   0,22807] sample matrix:
audio    D          kcm_mixer.c:127  _al_rechannel_matrix             [   0,22808] 
audio    D          kcm_mixer.c:127  _al_rechannel_matrix             [   0,22809] 
d3d      D         d3d_disp.cpp:1166 real_choose_bitmap_format        [   0,28988] Fake format
d3d      D         d3d_disp.cpp:1166 real_choose_bitmap_format        [   0,28992] Fake format
d3d      D         d3d_disp.cpp:1166 real_choose_bitmap_format        [   0,28994] Fake format
d3d      D         d3d_disp.cpp:1166 real_choose_bitmap_format        [   0,28995] Fake format
d3d      D         d3d_disp.cpp:1166 real_choose_bitmap_format        [   0,28997] Fake format
d3d      D         d3d_disp.cpp:1166 real_choose_bitmap_format        [   0,28998] Fake format
d3d      D         d3d_disp.cpp:1166 real_choose_bitmap_format        [   0,29000] Fake format
d3d      D         d3d_disp.cpp:1166 real_choose_bitmap_format        [   0,29001] Fake format
d3d      D         d3d_disp.cpp:1166 real_choose_bitmap_format        [   0,29002] Fake format
d3d      D         d3d_disp.cpp:1174 real_choose_bitmap_format        [   0,29004] Alpha doesn't match
d3d      D         d3d_disp.cpp:1181 real_choose_bitmap_format        [   0,29005] Adapter format is 23
d3d      D         d3d_disp.cpp:1184 real_choose_bitmap_format        [   0,29007] Found a format
d3d      I         d3d_disp.cpp:2283 _al_d3d_create_bitmap            [   0,29008] Chose bitmap format 9
dtor     D               dtor.c:184  _al_register_destructor          [   0,29100] added dtor for object 006610D0, func 0F122595
d3d      D          d3d_bmp.cpp:467  _al_d3d_sync_bitmap              [   0,30768] _al_d3d_sync_bitmap (system) ref count == 1
d3d      D          d3d_bmp.cpp:473  _al_d3d_sync_bitmap              [   0,30773] _al_d3d_sync_bitmap (video) ref count == 1
d3d      D         d3d_disp.cpp:1166 real_choose_bitmap_format        [   0,33521] Fake format
d3d      D         d3d_disp.cpp:1166 real_choose_bitmap_format        [   0,33526] Fake format
d3d      D         d3d_disp.cpp:1166 real_choose_bitmap_format        [   0,33528] Fake format
d3d      D         d3d_disp.cpp:1166 real_choose_bitmap_format        [   0,33530] Fake format
d3d      D         d3d_disp.cpp:1166 real_choose_bitmap_format        [   0,33531] Fake format
d3d      D         d3d_disp.cpp:1166 real_choose_bitmap_format        [   0,33532] Fake format
d3d      D         d3d_disp.cpp:1166 real_choose_bitmap_format        [   0,33533] Fake format
d3d      D         d3d_disp.cpp:1166 real_choose_bitmap_format        [   0,33535] Fake format
d3d      D         d3d_disp.cpp:1166 real_choose_bitmap_format        [   0,33536] Fake format
d3d      D         d3d_disp.cpp:1174 real_choose_bitmap_format        [   0,33537] Alpha doesn't match
d3d      D         d3d_disp.cpp:1181 real_choose_bitmap_format        [   0,33539] Adapter format is 23
d3d      D         d3d_disp.cpp:1184 real_choose_bitmap_format        [   0,33540] Found a format
d3d      I         d3d_disp.cpp:2283 _al_d3d_create_bitmap            [   0,33542] Chose bitmap format 9
dtor     D               dtor.c:184  _al_register_destructor          [   0,33561] added dtor for object 00662BF8, func 0F122595
d3d      D          d3d_bmp.cpp:467  _al_d3d_sync_bitmap              [   0,33633] _al_d3d_sync_bitmap (system) ref count == 1
d3d      D          d3d_bmp.cpp:473  _al_d3d_sync_bitmap              [   0,33635] _al_d3d_sync_bitmap (video) ref count == 1
d3d      D         d3d_disp.cpp:1166 real_choose_bitmap_format        [   0,34644] Fake format
d3d      D         d3d_disp.cpp:1166 real_choose_bitmap_format        [   0,34646] Fake format
d3d      D         d3d_disp.cpp:1166 real_choose_bitmap_format        [   0,34653] Fake format
d3d      D         d3d_disp.cpp:1166 real_choose_bitmap_format        [   0,34655] Fake format
d3d      D         d3d_disp.cpp:1166 real_choose_bitmap_format        [   0,34656] Fake format
d3d      D         d3d_disp.cpp:1166 real_choose_bitmap_format        [   0,34657] Fake format
d3d      D         d3d_disp.cpp:1166 real_choose_bitmap_format        [   0,34659] Fake format
d3d      D         d3d_disp.cpp:1166 real_choose_bitmap_format        [   0,34660] Fake format
d3d      D         d3d_disp.cpp:1166 real_choose_bitmap_format        [   0,34661] Fake format
d3d      D         d3d_disp.cpp:1174 real_choose_bitmap_format        [   0,34662] Alpha doesn't match
d3d      D         d3d_disp.cpp:1181 real_choose_bitmap_format        [   0,34664] Adapter format is 23
d3d      D         d3d_disp.cpp:1184 real_choose_bitmap_format        [   0,34665] Found a format
d3d      I         d3d_disp.cpp:2283 _al_d3d_create_bitmap            [   0,34667] Chose bitmap format 9
dtor     D               dtor.c:184  _al_register_destructor          [   0,34680] added dtor for object 00662088, func 0F122595
d3d      D          d3d_bmp.cpp:467  _al_d3d_sync_bitmap              [   0,34714] _al_d3d_sync_bitmap (system) ref count == 1
d3d      D          d3d_bmp.cpp:473  _al_d3d_sync_bitmap              [   0,34716] _al_d3d_sync_bitmap (video) ref count == 1
d3d      D         d3d_disp.cpp:1166 real_choose_bitmap_format        [   0,35617] Fake format
d3d      D         d3d_disp.cpp:1166 real_choose_bitmap_format        [   0,35619] Fake format
d3d      D         d3d_disp.cpp:1166 real_choose_bitmap_format        [   0,35621] Fake format
d3d      D         d3d_disp.cpp:1166 real_choose_bitmap_format        [   0,35622] Fake format
d3d      D         d3d_disp.cpp:1166 real_choose_bitmap_format        [   0,35623] Fake format
d3d      D         d3d_disp.cpp:1166 real_choose_bitmap_format        [   0,35625] Fake format
d3d      D         d3d_disp.cpp:1166 real_choose_bitmap_format        [   0,35626] Fake format
d3d      D         d3d_disp.cpp:1166 real_choose_bitmap_format        [   0,35627] Fake format
d3d      D         d3d_disp.cpp:1166 real_choose_bitmap_format        [   0,35628] Fake format
d3d      D         d3d_disp.cpp:1174 real_choose_bitmap_format        [   0,35630] Alpha doesn't match
d3d      D         d3d_disp.cpp:1181 real_choose_bitmap_format        [   0,35631] Adapter format is 23
d3d      D         d3d_disp.cpp:1184 real_choose_bitmap_format        [   0,35632] Found a format
d3d      I         d3d_disp.cpp:2283 _al_d3d_create_bitmap            [   0,35634] Chose bitmap format 9
dtor     D               dtor.c:184  _al_register_destructor          [   0,35653] added dtor for object 00662238, func 0F122595
d3d      D          d3d_bmp.cpp:467  _al_d3d_sync_bitmap              [   0,35695] _al_d3d_sync_bitmap (system) ref count == 1
d3d      D          d3d_bmp.cpp:473  _al_d3d_sync_bitmap              [   0,35697] _al_d3d_sync_bitmap (video) ref count == 1
d3d      D         d3d_disp.cpp:1166 real_choose_bitmap_format        [   0,35897] Fake format
d3d      D         d3d_disp.cpp:1166 real_choose_bitmap_format        [   0,35899] Fake format
d3d      D         d3d_disp.cpp:1166 real_choose_bitmap_format        [   0,35900] Fake format
d3d      D         d3d_disp.cpp:1166 real_choose_bitmap_format        [   0,35902] Fake format
d3d      D         d3d_disp.cpp:1166 real_choose_bitmap_format        [   0,35903] Fake format
d3d      D         d3d_disp.cpp:1166 real_choose_bitmap_format        [   0,35904] Fake format
d3d      D         d3d_disp.cpp:1166 real_choose_bitmap_format        [   0,35905] Fake format
d3d      D         d3d_disp.cpp:1166 real_choose_bitmap_format        [   0,35907] Fake format
d3d      D         d3d_disp.cpp:1166 real_choose_bitmap_format        [   0,35908] Fake format
d3d      D         d3d_disp.cpp:1174 real_choose_bitmap_format        [   0,35909] Alpha doesn't match
d3d      D         d3d_disp.cpp:1181 real_choose_bitmap_format        [   0,35911] Adapter format is 23
d3d      D         d3d_disp.cpp:1184 real_choose_bitmap_format        [   0,35912] Found a format
d3d      I         d3d_disp.cpp:2283 _al_d3d_create_bitmap            [   0,35914] Chose bitmap format 9
dtor     D               dtor.c:184  _al_register_destructor          [   0,35939] added dtor for object 00662348, func 0F122595
d3d      D          d3d_bmp.cpp:467  _al_d3d_sync_bitmap              [   0,35988] _al_d3d_sync_bitmap (system) ref count == 1
d3d      D          d3d_bmp.cpp:473  _al_d3d_sync_bitmap              [   0,35991] _al_d3d_sync_bitmap (video) ref count == 1
d3d      D         d3d_disp.cpp:1166 real_choose_bitmap_format        [   0,37118] Fake format
d3d      D         d3d_disp.cpp:1166 real_choose_bitmap_format        [   0,37120] Fake format
d3d      D         d3d_disp.cpp:1166 real_choose_bitmap_format        [   0,37122] Fake format
d3d      D         d3d_disp.cpp:1166 real_choose_bitmap_format        [   0,37123] Fake format
d3d      D         d3d_disp.cpp:1166 real_choose_bitmap_format        [   0,37124] Fake format
d3d      D         d3d_disp.cpp:1166 real_choose_bitmap_format        [   0,37126] Fake format
d3d      D         d3d_disp.cpp:1166 real_choose_bitmap_format        [   0,37127] Fake format
d3d      D         d3d_disp.cpp:1166 real_choose_bitmap_format        [   0,37128] Fake format
d3d      D         d3d_disp.cpp:1166 real_choose_bitmap_format        [   0,37129] Fake format
d3d      D         d3d_disp.cpp:1174 real_choose_bitmap_format        [   0,37131] Alpha doesn't match
d3d      D         d3d_disp.cpp:1181 real_choose_bitmap_format        [   0,37132] Adapter format is 23
d3d      D         d3d_disp.cpp:1184 real_choose_bitmap_format        [   0,37133] Found a format
d3d      I         d3d_disp.cpp:2283 _al_d3d_create_bitmap            [   0,37135] Chose bitmap format 9
dtor     D               dtor.c:184  _al_register_destructor          [   0,37157] added dtor for object 00662518, func 0F122595
d3d      D          d3d_bmp.cpp:467  _al_d3d_sync_bitmap              [   0,37199] _al_d3d_sync_bitmap (system) ref count == 1
d3d      D          d3d_bmp.cpp:473  _al_d3d_sync_bitmap              [   0,37202] _al_d3d_sync_bitmap (video) ref count == 1
d3d      D         d3d_disp.cpp:1166 real_choose_bitmap_format        [   0,37823] Fake format
d3d      D         d3d_disp.cpp:1166 real_choose_bitmap_format        [   0,37825] Fake format
d3d      D         d3d_disp.cpp:1166 real_choose_bitmap_format        [   0,37827] Fake format
d3d      D         d3d_disp.cpp:1166 real_choose_bitmap_format        [   0,37828] Fake format
d3d      D         d3d_disp.cpp:1166 real_choose_bitmap_format        [   0,37829] Fake format
d3d      D         d3d_disp.cpp:1166 real_choose_bitmap_format        [   0,37831] Fake format
d3d      D         d3d_disp.cpp:1166 real_choose_bitmap_format        [   0,37832] Fake format
d3d      D         d3d_disp.cpp:1166 real_choose_bitmap_format        [   0,37833] Fake format
d3d      D         d3d_disp.cpp:1166 real_choose_bitmap_format        [   0,37834] Fake format
d3d      D         d3d_disp.cpp:1174 real_choose_bitmap_format        [   0,37836] Alpha doesn't match
d3d      D         d3d_disp.cpp:1181 real_choose_bitmap_format        [   0,37837] Adapter format is 23
d3d      D         d3d_disp.cpp:1184 real_choose_bitmap_format        [   0,37838] Found a format
d3d      I         d3d_disp.cpp:2283 _al_d3d_create_bitmap            [   0,37840] Chose bitmap format 9
dtor     D               dtor.c:184  _al_register_destructor          [   0,37862] added dtor for object 0069AB00, func 0F122595
d3d      D          d3d_bmp.cpp:467  _al_d3d_sync_bitmap              [   0,37908] _al_d3d_sync_bitmap (system) ref count == 1
d3d      D          d3d_bmp.cpp:473  _al_d3d_sync_bitmap              [   0,37911] _al_d3d_sync_bitmap (video) ref count == 1
d3d      D         d3d_disp.cpp:1166 real_choose_bitmap_format        [   0,38102] Fake format
d3d      D         d3d_disp.cpp:1166 real_choose_bitmap_format        [   0,38105] Fake format
d3d      D         d3d_disp.cpp:1166 real_choose_bitmap_format        [   0,38106] Fake format
d3d      D         d3d_disp.cpp:1166 real_choose_bitmap_format        [   0,38108] Fake format
d3d      D         d3d_disp.cpp:1166 real_choose_bitmap_format        [   0,38109] Fake format
d3d      D         d3d_disp.cpp:1166 real_choose_bitmap_format        [   0,38110] Fake format
d3d      D         d3d_disp.cpp:1166 real_choose_bitmap_format        [   0,38111] Fake format
d3d      D         d3d_disp.cpp:1166 real_choose_bitmap_format        [   0,38113] Fake format
d3d      D         d3d_disp.cpp:1166 real_choose_bitmap_format        [   0,38114] Fake format
d3d      D         d3d_disp.cpp:1174 real_choose_bitmap_format        [   0,38115] Alpha doesn't match
d3d      D         d3d_disp.cpp:1181 real_choose_bitmap_format        [   0,38116] Adapter format is 23
d3d      D         d3d_disp.cpp:1184 real_choose_bitmap_format        [   0,38118] Found a format
d3d      I         d3d_disp.cpp:2283 _al_d3d_create_bitmap            [   0,38119] Chose bitmap format 9
dtor     D               dtor.c:184  _al_register_destructor          [   0,38134] added dtor for object 0066D230, func 0F122595
d3d      D          d3d_bmp.cpp:467  _al_d3d_sync_bitmap              [   0,38168] _al_d3d_sync_bitmap (system) ref count == 1
d3d      D          d3d_bmp.cpp:473  _al_d3d_sync_bitmap              [   0,38172] _al_d3d_sync_bitmap (video) ref count == 1
d3d      D         d3d_disp.cpp:1166 real_choose_bitmap_format        [   0,38290] Fake format
d3d      D         d3d_disp.cpp:1166 real_choose_bitmap_format        [   0,38292] Fake format
d3d      D         d3d_disp.cpp:1166 real_choose_bitmap_format        [   0,38293] Fake format
d3d      D         d3d_disp.cpp:1166 real_choose_bitmap_format        [   0,38294] Fake format
d3d      D         d3d_disp.cpp:1166 real_choose_bitmap_format        [   0,38295] Fake format
d3d      D         d3d_disp.cpp:1166 real_choose_bitmap_format        [   0,38297] Fake format
d3d      D         d3d_disp.cpp:1166 real_choose_bitmap_format        [   0,38298] Fake format
d3d      D         d3d_disp.cpp:1166 real_choose_bitmap_format        [   0,38299] Fake format
d3d      D         d3d_disp.cpp:1166 real_choose_bitmap_format        [   0,38301] Fake format
d3d      D         d3d_disp.cpp:1174 real_choose_bitmap_format        [   0,38302] Alpha doesn't match
d3d      D         d3d_disp.cpp:1181 real_choose_bitmap_format        [   0,38303] Adapter format is 23
d3d      D         d3d_disp.cpp:1184 real_choose_bitmap_format        [   0,38305] Found a format
d3d      I         d3d_disp.cpp:2283 _al_d3d_create_bitmap            [   0,38306] Chose bitmap format 9
dtor     D               dtor.c:184  _al_register_destructor          [   0,38324] added dtor for object 00662628, func 0F122595
d3d      D          d3d_bmp.cpp:467  _al_d3d_sync_bitmap              [   0,38358] _al_d3d_sync_bitmap (system) ref count == 1
d3d      D          d3d_bmp.cpp:473  _al_d3d_sync_bitmap              [   0,38360] _al_d3d_sync_bitmap (video) ref count == 1
d3d      D         d3d_disp.cpp:1166 real_choose_bitmap_format        [   0,38479] Fake format
d3d      D         d3d_disp.cpp:1166 real_choose_bitmap_format        [   0,38481] Fake format
d3d      D         d3d_disp.cpp:1166 real_choose_bitmap_format        [   0,38482] Fake format
d3d      D         d3d_disp.cpp:1166 real_choose_bitmap_format        [   0,38484] Fake format
d3d      D         d3d_disp.cpp:1166 real_choose_bitmap_format        [   0,38485] Fake format
d3d      D         d3d_disp.cpp:1166 real_choose_bitmap_format        [   0,38486] Fake format
d3d      D         d3d_disp.cpp:1166 real_choose_bitmap_format        [   0,38488] Fake format
d3d      D         d3d_disp.cpp:1166 real_choose_bitmap_format        [   0,38489] Fake format
d3d      D         d3d_disp.cpp:1166 real_choose_bitmap_format        [   0,38490] Fake format
d3d      D         d3d_disp.cpp:1174 real_choose_bitmap_format        [   0,38492] Alpha doesn't match
d3d      D         d3d_disp.cpp:1181 real_choose_bitmap_format        [   0,38493] Adapter format is 23
d3d      D         d3d_disp.cpp:1184 real_choose_bitmap_format        [   0,38495] Found a format
d3d      I         d3d_disp.cpp:2283 _al_d3d_create_bitmap            [   0,38496] Chose bitmap format 9
dtor     D               dtor.c:184  _al_register_destructor          [   0,38514] added dtor for object 0068FFA0, func 0F122595
d3d      D          d3d_bmp.cpp:467  _al_d3d_sync_bitmap              [   0,38555] _al_d3d_sync_bitmap (system) ref count == 1
d3d      D          d3d_bmp.cpp:473  _al_d3d_sync_bitmap              [   0,38558] _al_d3d_sync_bitmap (video) ref count == 1
d3d      D         d3d_disp.cpp:1166 real_choose_bitmap_format        [   0,39841] Fake format
d3d      D         d3d_disp.cpp:1166 real_choose_bitmap_format        [   0,39843] Fake format
d3d      D         d3d_disp.cpp:1166 real_choose_bitmap_format        [   0,39844] Fake format
d3d      D         d3d_disp.cpp:1166 real_choose_bitmap_format        [   0,39846] Fake format
d3d      D         d3d_disp.cpp:1166 real_choose_bitmap_format        [   0,39847] Fake format
d3d      D         d3d_disp.cpp:1166 real_choose_bitmap_format        [   0,39848] Fake format
d3d      D         d3d_disp.cpp:1166 real_choose_bitmap_format        [   0,39850] Fake format
d3d      D         d3d_disp.cpp:1166 real_choose_bitmap_format        [   0,39851] Fake format
d3d      D         d3d_disp.cpp:1166 real_choose_bitmap_format        [   0,39852] Fake format
d3d      D         d3d_disp.cpp:1174 real_choose_bitmap_format        [   0,39853] Alpha doesn't match
d3d      D         d3d_disp.cpp:1181 real_choose_bitmap_format        [   0,39855] Adapter format is 23
d3d      D         d3d_disp.cpp:1184 real_choose_bitmap_format        [   0,39856] Found a format
d3d      I         d3d_disp.cpp:2283 _al_d3d_create_bitmap            [   0,39857] Chose bitmap format 9
dtor     D               dtor.c:184  _al_register_destructor          [   0,39884] added dtor for object 07256D10, func 0F122595
d3d      D          d3d_bmp.cpp:467  _al_d3d_sync_bitmap              [   0,39943] _al_d3d_sync_bitmap (system) ref count == 1
d3d      D          d3d_bmp.cpp:473  _al_d3d_sync_bitmap              [   0,39946] _al_d3d_sync_bitmap (video) ref count == 1
d3d      D         d3d_disp.cpp:1166 real_choose_bitmap_format        [   0,40738] Fake format
d3d      D         d3d_disp.cpp:1166 real_choose_bitmap_format        [   0,40740] Fake format
d3d      D         d3d_disp.cpp:1166 real_choose_bitmap_format        [   0,40742] Fake format
d3d      D         d3d_disp.cpp:1166 real_choose_bitmap_format        [   0,40743] Fake format
d3d      D         d3d_disp.cpp:1166 real_choose_bitmap_format        [   0,40745] Fake format
d3d      D         d3d_disp.cpp:1166 real_choose_bitmap_format        [   0,40746] Fake format
d3d      D         d3d_disp.cpp:1166 real_choose_bitmap_format        [   0,40747] Fake format
d3d      D         d3d_disp.cpp:1166 real_choose_bitmap_format        [   0,40749] Fake format
d3d      D         d3d_disp.cpp:1166 real_choose_bitmap_format        [   0,40750] Fake format
d3d      D         d3d_disp.cpp:1174 real_choose_bitmap_format        [   0,40751] Alpha doesn't match
d3d      D         d3d_disp.cpp:1181 real_choose_bitmap_format        [   0,40753] Adapter format is 23
d3d      D         d3d_disp.cpp:1184 real_choose_bitmap_format        [   0,40754] Found a format
d3d      I         d3d_disp.cpp:2283 _al_d3d_create_bitmap            [   0,40756] Chose bitmap format 9
dtor     D               dtor.c:184  _al_register_destructor          [   0,40833] added dtor for object 00662738, func 0F122595
d3d      D          d3d_bmp.cpp:467  _al_d3d_sync_bitmap              [   0,40969] _al_d3d_sync_bitmap (system) ref count == 1
d3d      D          d3d_bmp.cpp:473  _al_d3d_sync_bitmap              [   0,40973] _al_d3d_sync_bitmap (video) ref count == 1
d3d      D         d3d_disp.cpp:1166 real_choose_bitmap_format        [   0,42300] Fake format
d3d      D         d3d_disp.cpp:1166 real_choose_bitmap_format        [   0,42302] Fake format
d3d      D         d3d_disp.cpp:1166 real_choose_bitmap_format        [   0,42304] Fake format
d3d      D         d3d_disp.cpp:1166 real_choose_bitmap_format        [   0,42305] Fake format
d3d      D         d3d_disp.cpp:1166 real_choose_bitmap_format        [   0,42307] Fake format
d3d      D         d3d_disp.cpp:1166 real_choose_bitmap_format        [   0,42308] Fake format
d3d      D         d3d_disp.cpp:1166 real_choose_bitmap_format        [   0,42309] Fake format
d3d      D         d3d_disp.cpp:1166 real_choose_bitmap_format        [   0,42310] Fake format
d3d      D         d3d_disp.cpp:1166 real_choose_bitmap_format        [   0,42312] Fake format
d3d      D         d3d_disp.cpp:1174 real_choose_bitmap_format        [   0,42313] Alpha doesn't match
d3d      D         d3d_disp.cpp:1181 real_choose_bitmap_format        [   0,42314] Adapter format is 23
d3d      D         d3d_disp.cpp:1184 real_choose_bitmap_format        [   0,42316] Found a format
d3d      I         d3d_disp.cpp:2283 _al_d3d_create_bitmap            [   0,42317] Chose bitmap format 9
dtor     D               dtor.c:184  _al_register_destructor          [   0,42329] added dtor for object 0066CF78, func 0F122595
d3d      D          d3d_bmp.cpp:467  _al_d3d_sync_bitmap              [   0,42365] _al_d3d_sync_bitmap (system) ref count == 1
d3d      D          d3d_bmp.cpp:473  _al_d3d_sync_bitmap              [   0,42368] _al_d3d_sync_bitmap (video) ref count == 1
d3d      D         d3d_disp.cpp:1166 real_choose_bitmap_format        [   0,43073] Fake format
d3d      D         d3d_disp.cpp:1166 real_choose_bitmap_format        [   0,43075] Fake format
d3d      D         d3d_disp.cpp:1166 real_choose_bitmap_format        [   0,43076] Fake format
d3d      D         d3d_disp.cpp:1166 real_choose_bitmap_format        [   0,43078] Fake format
d3d      D         d3d_disp.cpp:1166 real_choose_bitmap_format        [   0,43079] Fake format
d3d      D         d3d_disp.cpp:1166 real_choose_bitmap_format        [   0,43080] Fake format
d3d      D         d3d_disp.cpp:1166 real_choose_bitmap_format        [   0,43081] Fake format
d3d      D         d3d_disp.cpp:1166 real_choose_bitmap_format        [   0,43083] Fake format
d3d      D         d3d_disp.cpp:1166 real_choose_bitmap_format        [   0,43084] Fake format
d3d      D         d3d_disp.cpp:1174 real_choose_bitmap_format        [   0,43085] Alpha doesn't match
d3d      D         d3d_disp.cpp:1181 real_choose_bitmap_format        [   0,43086] Adapter format is 23
d3d      D         d3d_disp.cpp:1184 real_choose_bitmap_format        [   0,43088] Found a format
d3d      I         d3d_disp.cpp:2283 _al_d3d_create_bitmap            [   0,43089] Chose bitmap format 9
dtor     D               dtor.c:184  _al_register_destructor          [   0,43099] added dtor for object 0066CE20, func 0F122595
d3d      D          d3d_bmp.cpp:467  _al_d3d_sync_bitmap              [   0,43130] _al_d3d_sync_bitmap (system) ref count == 1
d3d      D          d3d_bmp.cpp:473  _al_d3d_sync_bitmap              [   0,43132] _al_d3d_sync_bitmap (video) ref count == 1
d3d      D         d3d_disp.cpp:1166 real_choose_bitmap_format        [   0,43740] Fake format
d3d      D         d3d_disp.cpp:1166 real_choose_bitmap_format        [   0,43743] Fake format
d3d      D         d3d_disp.cpp:1166 real_choose_bitmap_format        [   0,43744] Fake format
d3d      D         d3d_disp.cpp:1166 real_choose_bitmap_format        [   0,43745] Fake format
d3d      D         d3d_disp.cpp:1166 real_choose_bitmap_format        [   0,43747] Fake format
d3d      D         d3d_disp.cpp:1166 real_choose_bitmap_format        [   0,43748] Fake format
d3d      D         d3d_disp.cpp:1166 real_choose_bitmap_format        [   0,43749] Fake format
d3d      D         d3d_disp.cpp:1166 real_choose_bitmap_format        [   0,43750] Fake format
d3d      D         d3d_disp.cpp:1166 real_choose_bitmap_format        [   0,43752] Fake format
d3d      D         d3d_disp.cpp:1174 real_choose_bitmap_format        [   0,43753] Alpha doesn't match
d3d      D         d3d_disp.cpp:1181 real_choose_bitmap_format        [   0,43755] Adapter format is 23
d3d      D         d3d_disp.cpp:1184 real_choose_bitmap_format        [   0,43756] Found a format
d3d      I         d3d_disp.cpp:2283 _al_d3d_create_bitmap            [   0,43758] Chose bitmap format 9
dtor     D               dtor.c:184  _al_register_destructor          [   0,43774] added dtor for object 0066D088, func 0F122595
d3d      D          d3d_bmp.cpp:467  _al_d3d_sync_bitmap              [   0,43809] _al_d3d_sync_bitmap (system) ref count == 1
d3d      D          d3d_bmp.cpp:473  _al_d3d_sync_bitmap              [   0,43812] _al_d3d_sync_bitmap (video) ref count == 1
d3d      D         d3d_disp.cpp:1166 real_choose_bitmap_format        [   0,44391] Fake format
d3d      D         d3d_disp.cpp:1166 real_choose_bitmap_format        [   0,44393] Fake format
d3d      D         d3d_disp.cpp:1166 real_choose_bitmap_format        [   0,44394] Fake format
d3d      D         d3d_disp.cpp:1166 real_choose_bitmap_format        [   0,44396] Fake format
d3d      D         d3d_disp.cpp:1166 real_choose_bitmap_format        [   0,44397] Fake format
d3d      D         d3d_disp.cpp:1166 real_choose_bitmap_format        [   0,44398] Fake format
d3d      D         d3d_disp.cpp:1166 real_choose_bitmap_format        [   0,44400] Fake format
d3d      D         d3d_disp.cpp:1166 real_choose_bitmap_format        [   0,44401] Fake format
d3d      D         d3d_disp.cpp:1166 real_choose_bitmap_format        [   0,44402] Fake format
d3d      D         d3d_disp.cpp:1174 real_choose_bitmap_format        [   0,44403] Alpha doesn't match
d3d      D         d3d_disp.cpp:1181 real_choose_bitmap_format        [   0,44405] Adapter format is 23
d3d      D         d3d_disp.cpp:1184 real_choose_bitmap_format        [   0,44406] Found a format
d3d      I         d3d_disp.cpp:2283 _al_d3d_create_bitmap            [   0,44408] Chose bitmap format 9
dtor     D               dtor.c:184  _al_register_destructor          [   0,44426] added dtor for object 0068FC98, func 0F122595
d3d      D          d3d_bmp.cpp:467  _al_d3d_sync_bitmap              [   0,44465] _al_d3d_sync_bitmap (system) ref count == 1
d3d      D          d3d_bmp.cpp:473  _al_d3d_sync_bitmap              [   0,44468] _al_d3d_sync_bitmap (video) ref count == 1
d3d      D         d3d_disp.cpp:1166 real_choose_bitmap_format        [   0,44644] Fake format
d3d      D         d3d_disp.cpp:1166 real_choose_bitmap_format        [   0,44646] Fake format
d3d      D         d3d_disp.cpp:1166 real_choose_bitmap_format        [   0,44647] Fake format
d3d      D         d3d_disp.cpp:1166 real_choose_bitmap_format        [   0,44649] Fake format
d3d      D         d3d_disp.cpp:1166 real_choose_bitmap_format        [   0,44650] Fake format
d3d      D         d3d_disp.cpp:1166 real_choose_bitmap_format        [   0,44651] Fake format
d3d      D         d3d_disp.cpp:1166 real_choose_bitmap_format        [   0,44652] Fake format
d3d      D         d3d_disp.cpp:1166 real_choose_bitmap_format        [   0,44654] Fake format
d3d      D         d3d_disp.cpp:1166 real_choose_bitmap_format        [   0,44655] Fake format
d3d      D         d3d_disp.cpp:1174 real_choose_bitmap_format        [   0,44656] Alpha doesn't match
d3d      D         d3d_disp.cpp:1181 real_choose_bitmap_format        [   0,44658] Adapter format is 23
d3d      D         d3d_disp.cpp:1184 real_choose_bitmap_format        [   0,44659] Found a format
d3d      I         d3d_disp.cpp:2283 _al_d3d_create_bitmap            [   0,44660] Chose bitmap format 9
dtor     D               dtor.c:184  _al_register_destructor          [   0,44673] added dtor for object 0068FDA8, func 0F122595
d3d      D          d3d_bmp.cpp:467  _al_d3d_sync_bitmap              [   0,44707] _al_d3d_sync_bitmap (system) ref count == 1
d3d      D          d3d_bmp.cpp:473  _al_d3d_sync_bitmap              [   0,44710] _al_d3d_sync_bitmap (video) ref count == 1
d3d      D         d3d_disp.cpp:1166 real_choose_bitmap_format        [   0,44841] Fake format
d3d      D         d3d_disp.cpp:1166 real_choose_bitmap_format        [   0,44843] Fake format
d3d      D         d3d_disp.cpp:1166 real_choose_bitmap_format        [   0,44844] Fake format
d3d      D         d3d_disp.cpp:1166 real_choose_bitmap_format        [   0,44845] Fake format
d3d      D         d3d_disp.cpp:1166 real_choose_bitmap_format        [   0,44846] Fake format
d3d      D         d3d_disp.cpp:1166 real_choose_bitmap_format        [   0,44848] Fake format
d3d      D         d3d_disp.cpp:1166 real_choose_bitmap_format        [   0,44849] Fake format
d3d      D         d3d_disp.cpp:1166 real_choose_bitmap_format        [   0,44850] Fake format
d3d      D         d3d_disp.cpp:1166 real_choose_bitmap_format        [   0,44852] Fake format
d3d      D         d3d_disp.cpp:1174 real_choose_bitmap_format        [   0,44853] Alpha doesn't match
d3d      D         d3d_disp.cpp:1181 real_choose_bitmap_format        [   0,44854] Adapter format is 23
d3d      D         d3d_disp.cpp:1184 real_choose_bitmap_format        [   0,44856] Found a format
d3d      I         d3d_disp.cpp:2283 _al_d3d_create_bitmap            [   0,44857] Chose bitmap format 9
dtor     D               dtor.c:184  _al_register_destructor          [   0,44884] added dtor for object 00662848, func 0F122595
d3d      D          d3d_bmp.cpp:467  _al_d3d_sync_bitmap              [   0,44943] _al_d3d_sync_bitmap (system) ref count == 1
d3d      D          d3d_bmp.cpp:473  _al_d3d_sync_bitmap              [   0,44945] _al_d3d_sync_bitmap (video) ref count == 1
d3d      D         d3d_disp.cpp:1166 real_choose_bitmap_format        [   0,45135] Fake format
d3d      D         d3d_disp.cpp:1166 real_choose_bitmap_format        [   0,45137] Fake format
d3d      D         d3d_disp.cpp:1166 real_choose_bitmap_format        [   0,45138] Fake format
d3d      D         d3d_disp.cpp:1166 real_choose_bitmap_format        [   0,45140] Fake format
d3d      D         d3d_disp.cpp:1166 real_choose_bitmap_format        [   0,45141] Fake format
d3d      D         d3d_disp.cpp:1166 real_choose_bitmap_format        [   0,45142] Fake format
d3d      D         d3d_disp.cpp:1166 real_choose_bitmap_format        [   0,45144] Fake format
d3d      D         d3d_disp.cpp:1166 real_choose_bitmap_format        [   0,45145] Fake format
d3d      D         d3d_disp.cpp:1166 real_choose_bitmap_format        [   0,45146] Fake format
d3d      D         d3d_disp.cpp:1174 real_choose_bitmap_format        [   0,45147] Alpha doesn't match
d3d      D         d3d_disp.cpp:1181 real_choose_bitmap_format        [   0,45149] Adapter format is 23
d3d      D         d3d_disp.cpp:1184 real_choose_bitmap_format        [   0,45150] Found a format
d3d      I         d3d_disp.cpp:2283 _al_d3d_create_bitmap            [   0,45152] Chose bitmap format 9
dtor     D               dtor.c:184  _al_register_destructor          [   0,45162] added dtor for object 00661F68, func 0F122595
d3d      D          d3d_bmp.cpp:467  _al_d3d_sync_bitmap              [   0,45194] _al_d3d_sync_bitmap (system) ref count == 1
d3d      D          d3d_bmp.cpp:473  _al_d3d_sync_bitmap              [   0,45196] _al_d3d_sync_bitmap (video) ref count == 1
d3d      D         d3d_disp.cpp:1166 real_choose_bitmap_format        [   0,45291] Fake format
d3d      D         d3d_disp.cpp:1166 real_choose_bitmap_format        [   0,45293] Fake format
d3d      D         d3d_disp.cpp:1166 real_choose_bitmap_format        [   0,45294] Fake format
d3d      D         d3d_disp.cpp:1166 real_choose_bitmap_format        [   0,45296] Fake format
d3d      D         d3d_disp.cpp:1166 real_choose_bitmap_format        [   0,45297] Fake format
d3d      D         d3d_disp.cpp:1166 real_choose_bitmap_format        [   0,45298] Fake format
d3d      D         d3d_disp.cpp:1166 real_choose_bitmap_format        [   0,45302] Fake format
d3d      D         d3d_disp.cpp:1166 real_choose_bitmap_format        [   0,45303] Fake format
d3d      D         d3d_disp.cpp:1166 real_choose_bitmap_format        [   0,45304] Fake format
d3d      D         d3d_disp.cpp:1174 real_choose_bitmap_format        [   0,45306] Alpha doesn't match
d3d      D         d3d_disp.cpp:1181 real_choose_bitmap_format        [   0,45307] Adapter format is 23
d3d      D         d3d_disp.cpp:1184 real_choose_bitmap_format        [   0,45308] Found a format
d3d      I         d3d_disp.cpp:2283 _al_d3d_create_bitmap            [   0,45310] Chose bitmap format 9
dtor     D               dtor.c:184  _al_register_destructor          [   0,45321] added dtor for object 0066CC90, func 0F122595
d3d      D          d3d_bmp.cpp:467  _al_d3d_sync_bitmap              [   0,45355] _al_d3d_sync_bitmap (system) ref count == 1
d3d      D          d3d_bmp.cpp:473  _al_d3d_sync_bitmap              [   0,45357] _al_d3d_sync_bitmap (video) ref count == 1
font     D                ttf.c:792  al_load_ttf_font_stretch_f       [   0,50229] Font arial.ttf loaded with pixel size 0 x 10.
font     D                ttf.c:794  al_load_ttf_font_stretch_f       [   0,50232]     ascent=9,0, descent=-2,0, height=12,0
dtor     D               dtor.c:184  _al_register_destructor          [   0,50235] added dtor for object 00662B68, func 0F121B3B
font     D                ttf.c:792  al_load_ttf_font_stretch_f       [   0,51395] Font Starcraft.ttf loaded with pixel size 0 x 16.
font     D                ttf.c:794  al_load_ttf_font_stretch_f       [   0,51398]     ascent=14,0, descent=-3,0, height=16,0
dtor     D               dtor.c:184  _al_register_destructor          [   0,51402] added dtor for object 072C9CD0, func 0F121B3B
font     D                ttf.c:792  al_load_ttf_font_stretch_f       [   0,51509] Font arial.ttf loaded with pixel size 0 x 12.
font     D                ttf.c:794  al_load_ttf_font_stretch_f       [   0,51512]     ascent=11,0, descent=-3,0, height=14,0
dtor     D               dtor.c:184  _al_register_destructor          [   0,51515] added dtor for object 072D9318, func 0F121B3B
font     D                ttf.c:792  al_load_ttf_font_stretch_f       [   0,51609] Font arial.ttf loaded with pixel size 0 x 36.
font     D                ttf.c:794  al_load_ttf_font_stretch_f       [   0,51612]     ascent=33,0, descent=-8,0, height=41,0
dtor     D               dtor.c:184  _al_register_destructor          [   0,51615] added dtor for object 072E8920, func 0F121B3B
font     D                ttf.c:792  al_load_ttf_font_stretch_f       [   0,51711] Font arial.ttf loaded with pixel size 0 x 24.
font     D                ttf.c:794  al_load_ttf_font_stretch_f       [   0,51713]     ascent=22,0, descent=-5,0, height=28,0
dtor     D               dtor.c:184  _al_register_destructor          [   0,51717] added dtor for object 072F7F28, func 0F121B3B
font     D                ttf.c:792  al_load_ttf_font_stretch_f       [   0,51807] Font arial.ttf loaded with pixel size 0 x 13.
font     D                ttf.c:794  al_load_ttf_font_stretch_f       [   0,51809]     ascent=12,0, descent=-3,0, height=15,0
dtor     D               dtor.c:184  _al_register_destructor          [   0,51812] added dtor for object 07307570, func 0F121B3B
font     D                ttf.c:792  al_load_ttf_font_stretch_f       [   0,51864] Font Starcraft.ttf loaded with pixel size 0 x 48.
font     D                ttf.c:794  al_load_ttf_font_stretch_f       [   0,51866]     ascent=42,0, descent=-7,0, height=48,0
dtor     D               dtor.c:184  _al_register_destructor          [   0,51869] added dtor for object 0730FA08, func 0F121B3B
dtor     D               dtor.c:184  _al_register_destructor          [   0,52991] added dtor for object 07310C20, func 0F12237E
dtor     D               dtor.c:184  _al_register_destructor          [   0,66340] added dtor for object 0730FBE0, func 0F1223F1
audio    D          kcm_mixer.c:121  _al_rechannel_matrix             [   0,66345] sample matrix:
audio    D          kcm_mixer.c:127  _al_rechannel_matrix             [   0,66354]  0,707107 0,000000
audio    D          kcm_mixer.c:127  _al_rechannel_matrix             [   0,66356]  0,000000 0,707107
wav      I                wav.c:107  wav_open                         [   0,70066] Ignoring chunk: LIST
dtor     D               dtor.c:184  _al_register_destructor          [   0,71151] added dtor for object 0730FAF8, func 0F12237E
dtor     D               dtor.c:184  _al_register_destructor          [   0,95059] added dtor for object 0730FCF8, func 0F1223F1
audio    D          kcm_mixer.c:121  _al_rechannel_matrix             [   0,95063] sample matrix:
audio    D          kcm_mixer.c:127  _al_rechannel_matrix             [   0,95065]  0,346482 0,000000
audio    D          kcm_mixer.c:127  _al_rechannel_matrix             [   0,95066]  0,000000 0,346482
wav      I                wav.c:107  wav_open                         [   0,96451] Ignoring chunk: LIST
dtor     D               dtor.c:184  _al_register_destructor          [   0,98842] added dtor for object 07311CB8, func 0F12237E
dtor     D               dtor.c:184  _al_register_destructor          [   1,52683] added dtor for object 07311D10, func 0F1223F1
audio    D          kcm_mixer.c:121  _al_rechannel_matrix             [   1,52686] sample matrix:
audio    D          kcm_mixer.c:127  _al_rechannel_matrix             [   1,52689]  0,346482 0,000000
audio    D          kcm_mixer.c:127  _al_rechannel_matrix             [   1,52690]  0,000000 0,346482
dtor     D               dtor.c:184  _al_register_destructor          [   1,53663] added dtor for object 07311F38, func 0F12237E
dtor     D               dtor.c:184  _al_register_destructor          [   1,73501] added dtor for object 0730FE10, func 0F1223F1
audio    D          kcm_mixer.c:121  _al_rechannel_matrix             [   1,73507] sample matrix:
audio    D          kcm_mixer.c:127  _al_rechannel_matrix             [   1,73510]  0,346482 0,000000
audio    D          kcm_mixer.c:127  _al_rechannel_matrix             [   1,73513]  0,000000 0,346482
dtor     D               dtor.c:184  _al_register_destructor          [   1,75727] added dtor for object 0730FF28, func 0F12237E
dtor     D               dtor.c:184  _al_register_destructor          [   2,01051] added dtor for object 0730FF80, func 0F1223F1
audio    D          kcm_mixer.c:121  _al_rechannel_matrix             [   2,01055] sample matrix:
audio    D          kcm_mixer.c:127  _al_rechannel_matrix             [   2,01057]  0,346482 0,000000
audio    D          kcm_mixer.c:127  _al_rechannel_matrix             [   2,01060]  0,000000 0,346482
wav      I                wav.c:107  wav_open                         [   2,02641] Ignoring chunk: LIST
dtor     D               dtor.c:184  _al_register_destructor          [   2,04392] added dtor for object 07310100, func 0F12237E
dtor     D               dtor.c:184  _al_register_destructor          [   2,50539] added dtor for object 00652BC0, func 0F1223F1
audio    D          kcm_mixer.c:121  _al_rechannel_matrix             [   2,50543] sample matrix:
audio    D          kcm_mixer.c:127  _al_rechannel_matrix             [   2,50545]  0,346482 0,000000
audio    D          kcm_mixer.c:127  _al_rechannel_matrix             [   2,50547]  0,000000 0,346482
dtor     D               dtor.c:184  _al_register_destructor          [   2,57308] added dtor for object 07312A30, func 0F12237E
dtor     D               dtor.c:184  _al_register_destructor          [   2,57315] added dtor for object 07312A88, func 0F1223F1
audio    D          kcm_mixer.c:121  _al_rechannel_matrix             [   2,57318] sample matrix:
audio    D          kcm_mixer.c:127  _al_rechannel_matrix             [   2,57320]  0,500000
audio    D          kcm_mixer.c:127  _al_rechannel_matrix             [   2,57322]  0,500000
dtor     D               dtor.c:184  _al_register_destructor          [   2,58066] added dtor for object 07321A70, func 0F12237E
dtor     D               dtor.c:184  _al_register_destructor          [   2,58108] added dtor for object 07321AC8, func 0F1223F1
audio    D          kcm_mixer.c:121  _al_rechannel_matrix             [   2,58111] sample matrix:
audio    D          kcm_mixer.c:127  _al_rechannel_matrix             [   2,58114]  0,707107 0,000000
audio    D          kcm_mixer.c:127  _al_rechannel_matrix             [   2,58116]  0,000000 0,707107
dtor     D               dtor.c:184  _al_register_destructor          [   2,59251] added dtor for object 07310398, func 0F12237E
dtor     D               dtor.c:184  _al_register_destructor          [   2,59986] added dtor for object 073103F0, func 0F12237E
dtor     D               dtor.c:184  _al_register_destructor          [   2,61434] added dtor for object 07310448, func 0F12237E
dtor     D               dtor.c:184  _al_register_destructor          [   2,62433] added dtor for object 073104A0, func 0F12237E
dtor     D               dtor.c:184  _al_register_destructor          [   2,62504] added dtor for object 073104F8, func 0F12237E
dtor     D               dtor.c:184  _al_register_destructor          [   2,63041] added dtor for object 07310550, func 0F12237E
dtor     D               dtor.c:184  _al_register_destructor          [   2,64393] added dtor for object 073105A8, func 0F12237E
dtor     D               dtor.c:184  _al_register_destructor          [   2,65252] added dtor for object 07310600, func 0F12237E
dtor     D               dtor.c:184  _al_register_destructor          [   2,65288] added dtor for object 07310658, func 0F1227A7
font     D                ttf.c:792  al_load_ttf_font_stretch_f       [   2,65394] Font Starcraft.ttf loaded with pixel size 0 x 36.
font     D                ttf.c:794  al_load_ttf_font_stretch_f       [   2,65397]     ascent=31,0, descent=-6,0, height=36,0
dtor     D               dtor.c:184  _al_register_destructor          [   2,65400] added dtor for object 088A8BA0, func 0F121B3B
font     D                ttf.c:792  al_load_ttf_font_stretch_f       [   2,65454] Font Starcraft.ttf loaded with pixel size 0 x 24.
font     D                ttf.c:794  al_load_ttf_font_stretch_f       [   2,65456]     ascent=21,0, descent=-4,0, height=24,0
dtor     D               dtor.c:184  _al_register_destructor          [   2,65459] added dtor for object 0734E040, func 0F121B3B
d3d      D         d3d_disp.cpp:1166 real_choose_bitmap_format        [   2,65992] Fake format
d3d      D         d3d_disp.cpp:1166 real_choose_bitmap_format        [   2,65994] Fake format
d3d      D         d3d_disp.cpp:1166 real_choose_bitmap_format        [   2,65996] Fake format
d3d      D         d3d_disp.cpp:1166 real_choose_bitmap_format        [   2,65998] Fake format
d3d      D         d3d_disp.cpp:1166 real_choose_bitmap_format        [   2,65999] Fake format
d3d      D         d3d_disp.cpp:1166 real_choose_bitmap_format        [   2,66001] Fake format
d3d      D         d3d_disp.cpp:1166 real_choose_bitmap_format        [   2,66002] Fake format
d3d      D         d3d_disp.cpp:1166 real_choose_bitmap_format        [   2,66004] Fake format
d3d      D         d3d_disp.cpp:1166 real_choose_bitmap_format        [   2,66005] Fake format
d3d      D         d3d_disp.cpp:1174 real_choose_bitmap_format        [   2,66007] Alpha doesn't match
d3d      D         d3d_disp.cpp:1181 real_choose_bitmap_format        [   2,66008] Adapter format is 23
d3d      D         d3d_disp.cpp:1184 real_choose_bitmap_format        [   2,66010] Found a format
d3d      I         d3d_disp.cpp:2283 _al_d3d_create_bitmap            [   2,66012] Chose bitmap format 9
font     D                ttf.c:217  alloc_glyph_region               [   2,66065] Glyph 61: 34x27 (36x28)
d3d      D          d3d_bmp.cpp:467  _al_d3d_sync_bitmap              [   2,66591] _al_d3d_sync_bitmap (system) ref count == 1
d3d      D          d3d_bmp.cpp:473  _al_d3d_sync_bitmap              [   2,66594] _al_d3d_sync_bitmap (video) ref count == 2
font     D                ttf.c:217  alloc_glyph_region               [   2,66821] Glyph 68: 32x27 (32x28)
font     D                ttf.c:217  alloc_glyph_region               [   2,66833] Glyph 74: 28x27 (28x28)
font     D                ttf.c:217  alloc_glyph_region               [   2,66843] Glyph 88: 34x27 (36x28)
font     D                ttf.c:217  alloc_glyph_region               [   2,66854] Glyph 69: 34x27 (36x28)
font     D                ttf.c:217  alloc_glyph_region               [   2,66861] Glyph 76: 10x31 (12x32)
d3d      D          d3d_bmp.cpp:467  _al_d3d_sync_bitmap              [   2,66890] _al_d3d_sync_bitmap (system) ref count == 1
d3d      D          d3d_bmp.cpp:473  _al_d3d_sync_bitmap              [   2,66892] _al_d3d_sync_bitmap (video) ref count == 2
font     D                ttf.c:217  alloc_glyph_region               [   2,66952] Glyph 82: 27x27 (28x28)
font     D                ttf.c:217  alloc_glyph_region               [   2,66962] Glyph 81: 34x31 (36x32)
font     D                ttf.c:217  alloc_glyph_region               [   2,66972] Glyph 92: 36x31 (36x32)
d3d      D          d3d_bmp.cpp:467  _al_d3d_sync_bitmap              [   2,66989] _al_d3d_sync_bitmap (system) ref count == 1
d3d      D          d3d_bmp.cpp:473  _al_d3d_sync_bitmap              [   2,66991] _al_d3d_sync_bitmap (video) ref count == 2
font     D                ttf.c:406  cache_glyph                      [   2,67044] Glyph 3 has zero size.
font     D                ttf.c:217  alloc_glyph_region               [   2,67053] Glyph 54: 36x27 (36x28)
font     D                ttf.c:217  alloc_glyph_region               [   2,67061] Glyph 70: 28x27 (28x28)
font     D                ttf.c:217  alloc_glyph_region               [   2,67068] Glyph 87: 34x31 (36x32)
d3d      D         d3d_disp.cpp:1166 real_choose_bitmap_format        [   2,68555] Fake format
d3d      D         d3d_disp.cpp:1166 real_choose_bitmap_format        [   2,68558] Fake format
d3d      D         d3d_disp.cpp:1166 real_choose_bitmap_format        [   2,68559] Fake format
d3d      D         d3d_disp.cpp:1166 real_choose_bitmap_format        [   2,68561] Fake format
d3d      D         d3d_disp.cpp:1166 real_choose_bitmap_format        [   2,68562] Fake format
d3d      D         d3d_disp.cpp:1166 real_choose_bitmap_format        [   2,68564] Fake format
d3d      D         d3d_disp.cpp:1166 real_choose_bitmap_format        [   2,68565] Fake format
d3d      D         d3d_disp.cpp:1166 real_choose_bitmap_format        [   2,68566] Fake format
d3d      D         d3d_disp.cpp:1166 real_choose_bitmap_format        [   2,68568] Fake format
d3d      D         d3d_disp.cpp:1174 real_choose_bitmap_format        [   2,68569] Alpha doesn't match
d3d      D         d3d_disp.cpp:1181 real_choose_bitmap_format        [   2,68570] Adapter format is 23
d3d      D         d3d_disp.cpp:1184 real_choose_bitmap_format        [   2,68572] Found a format
d3d      I         d3d_disp.cpp:2283 _al_d3d_create_bitmap            [   2,68574] Chose bitmap format 9
font     D                ttf.c:217  alloc_glyph_region               [   2,68643] Glyph 54: 25x19 (28x20)
d3d      D          d3d_bmp.cpp:467  _al_d3d_sync_bitmap              [   2,68682] _al_d3d_sync_bitmap (system) ref count == 1
d3d      D          d3d_bmp.cpp:473  _al_d3d_sync_bitmap              [   2,68685] _al_d3d_sync_bitmap (video) ref count == 2
font     D                ttf.c:217  alloc_glyph_region               [   2,68884] Glyph 87: 24x22 (24x24)
d3d      D          d3d_bmp.cpp:467  _al_d3d_sync_bitmap              [   2,68910] _al_d3d_sync_bitmap (system) ref count == 1
d3d      D          d3d_bmp.cpp:473  _al_d3d_sync_bitmap              [   2,68912] _al_d3d_sync_bitmap (video) ref count == 2
font     D                ttf.c:217  alloc_glyph_region               [   2,68966] Glyph 68: 22x19 (24x20)
font     D                ttf.c:217  alloc_glyph_region               [   2,68974] Glyph 85: 25x19 (28x20)
font     D                ttf.c:406  cache_glyph                      [   2,68977] Glyph 3 has zero size.
font     D                ttf.c:217  alloc_glyph_region               [   2,68983] Glyph 74: 19x19 (20x20)
font     D                ttf.c:217  alloc_glyph_region               [   2,68992] Glyph 92: 25x22 (28x24)
font     D                ttf.c:217  alloc_glyph_region               [   2,69012] Glyph 55: 24x22 (24x24)
d3d      D          d3d_bmp.cpp:467  _al_d3d_sync_bitmap              [   2,69034] _al_d3d_sync_bitmap (system) ref count == 1
d3d      D          d3d_bmp.cpp:473  _al_d3d_sync_bitmap              [   2,69037] _al_d3d_sync_bitmap (video) ref count == 2
font     D                ttf.c:217  alloc_glyph_region               [   2,69103] Glyph 69: 23x19 (24x20)
font     D                ttf.c:217  alloc_glyph_region               [   2,69110] Glyph 70: 19x19 (20x20)
font     D                ttf.c:217  alloc_glyph_region               [   2,69117] Glyph 71: 23x19 (24x20)
font     D                ttf.c:217  alloc_glyph_region               [   2,69123] Glyph 72: 24x19 (24x20)
d3d      D          d3d_bmp.cpp:467  _al_d3d_sync_bitmap              [   2,69139] _al_d3d_sync_bitmap (system) ref count == 1
d3d      D          d3d_bmp.cpp:473  _al_d3d_sync_bitmap              [   2,69141] _al_d3d_sync_bitmap (video) ref count == 2
font     D                ttf.c:217  alloc_glyph_region               [   2,69201] Glyph 49: 23x22 (24x24)
d3d      D          d3d_bmp.cpp:467  _al_d3d_sync_bitmap              [   2,69221] _al_d3d_sync_bitmap (system) ref count == 1
d3d      D          d3d_bmp.cpp:473  _al_d3d_sync_bitmap              [   2,69223] _al_d3d_sync_bitmap (video) ref count == 2
font     D                ttf.c:217  alloc_glyph_region               [   2,69274] Glyph 77: 13x19 (16x20)
font     D                ttf.c:217  alloc_glyph_region               [   2,69280] Glyph 79: 22x19 (24x20)
font     D                ttf.c:217  alloc_glyph_region               [   2,69286] Glyph 83: 24x19 (24x20)
font     D                ttf.c:217  alloc_glyph_region               [   2,69294] Glyph 86: 25x19 (28x20)
font     D                ttf.c:217  alloc_glyph_region               [   2,69300] Glyph 93: 24x19 (24x20)
font     D                ttf.c:217  alloc_glyph_region               [   2,69309] Glyph 90: 33x22 (36x24)
font     D                ttf.c:217  alloc_glyph_region               [   2,69318] Glyph 81: 23x22 (24x24)
font     D                ttf.c:217  alloc_glyph_region               [   2,69323] Glyph 76: 7x22 (8x24)
font     D                ttf.c:217  alloc_glyph_region               [   2,69330] Glyph 78: 23x19 (24x20)
font     D                ttf.c:217  alloc_glyph_region               [   2,69347] Glyph 58: 33x22 (36x24)
d3d      D          d3d_bmp.cpp:467  _al_d3d_sync_bitmap              [   2,69372] _al_d3d_sync_bitmap (system) ref count == 1
d3d      D          d3d_bmp.cpp:473  _al_d3d_sync_bitmap              [   2,69374] _al_d3d_sync_bitmap (video) ref count == 2
d3d      D         d3d_disp.cpp:1166 real_choose_bitmap_format        [   2,69507] Fake format
d3d      D         d3d_disp.cpp:1166 real_choose_bitmap_format        [   2,69509] Fake format
d3d      D         d3d_disp.cpp:1166 real_choose_bitmap_format        [   2,69511] Fake format
d3d      D         d3d_disp.cpp:1166 real_choose_bitmap_format        [   2,69512] Fake format
d3d      D         d3d_disp.cpp:1166 real_choose_bitmap_format        [   2,69513] Fake format
d3d      D         d3d_disp.cpp:1166 real_choose_bitmap_format        [   2,69515] Fake format
d3d      D         d3d_disp.cpp:1166 real_choose_bitmap_format        [   2,69516] Fake format
d3d      D         d3d_disp.cpp:1166 real_choose_bitmap_format        [   2,69517] Fake format
d3d      D         d3d_disp.cpp:1166 real_choose_bitmap_format        [   2,69519] Fake format
d3d      D         d3d_disp.cpp:1174 real_choose_bitmap_format        [   2,69520] Alpha doesn't match
d3d      D         d3d_disp.cpp:1181 real_choose_bitmap_format        [   2,69522] Adapter format is 23
d3d      D         d3d_disp.cpp:1184 real_choose_bitmap_format        [   2,69523] Found a format
d3d      I         d3d_disp.cpp:2283 _al_d3d_create_bitmap            [   2,69529] Chose bitmap format 9
font     D                ttf.c:217  alloc_glyph_region               [   2,69598] Glyph 58: 11x9 (12x12)
d3d      D          d3d_bmp.cpp:467  _al_d3d_sync_bitmap              [   2,69636] _al_d3d_sync_bitmap (system) ref count == 1
d3d      D          d3d_bmp.cpp:473  _al_d3d_sync_bitmap              [   2,69639] _al_d3d_sync_bitmap (video) ref count == 2
font     D                ttf.c:217  alloc_glyph_region               [   2,69820] Glyph 72: 6x7 (8x8)
font     D                ttf.c:217  alloc_glyph_region               [   2,69832] Glyph 85: 4x7 (4x8)
font     D                ttf.c:217  alloc_glyph_region               [   2,69856] Glyph 86: 6x7 (8x8)
font     D                ttf.c:217  alloc_glyph_region               [   2,69871] Glyph 77: 5x11 (8x12)
font     D                ttf.c:217  alloc_glyph_region               [   2,69891] Glyph 68: 6x7 (8x8)
font     D                ttf.c:406  cache_glyph                      [   2,69893] Glyph 3 has zero size.
font     D                ttf.c:217  alloc_glyph_region               [   2,69907] Glyph 74: 7x9 (8x12)
font     D                ttf.c:217  alloc_glyph_region               [   2,69923] Glyph 92: 7x9 (8x12)
font     D                ttf.c:217  alloc_glyph_region               [   2,69928] Glyph 29: 3x7 (4x8)
font     D                ttf.c:217  alloc_glyph_region               [   2,69937] Glyph 20: 5x9 (8x12)
font     D                ttf.c:217  alloc_glyph_region               [   2,69952] Glyph 27: 7x9 (8x12)
font     D                ttf.c:217  alloc_glyph_region               [   2,69965] Glyph 24: 7x9 (8x12)
font     D                ttf.c:217  alloc_glyph_region               [   2,69978] Glyph 25: 7x9 (8x12)
font     D                ttf.c:217  alloc_glyph_region               [   2,69983] Glyph 15: 3x4 (4x4)
font     D                ttf.c:217  alloc_glyph_region               [   2,70003] Glyph 36: 9x9 (12x12)
font     D                ttf.c:217  alloc_glyph_region               [   2,70015] Glyph 79: 3x9 (4x12)
font     D                ttf.c:217  alloc_glyph_region               [   2,70027] Glyph 83: 6x9 (8x12)
font     D                ttf.c:217  alloc_glyph_region               [   2,70039] Glyph 75: 6x9 (8x12)
font     D                ttf.c:217  alloc_glyph_region               [   2,70057] Glyph 76: 3x9 (4x12)
font     D                ttf.c:217  alloc_glyph_region               [   2,70070] Glyph 81: 6x7 (8x8)
font     D                ttf.c:217  alloc_glyph_region               [   2,70084] Glyph 71: 6x9 (8x12)
font     D                ttf.c:217  alloc_glyph_region               [   2,70097] Glyph 89: 7x7 (8x8)
d3d      D          d3d_bmp.cpp:467  _al_d3d_sync_bitmap              [   2,70147] _al_d3d_sync_bitmap (system) ref count == 1
d3d      D          d3d_bmp.cpp:473  _al_d3d_sync_bitmap              [   2,70150] _al_d3d_sync_bitmap (video) ref count == 1
d3d      D          d3d_bmp.cpp:467  _al_d3d_sync_bitmap              [   2,70475] _al_d3d_sync_bitmap (system) ref count == 1
d3d      D          d3d_bmp.cpp:473  _al_d3d_sync_bitmap              [   2,70479] _al_d3d_sync_bitmap (video) ref count == 1
d3d      D          d3d_bmp.cpp:467  _al_d3d_sync_bitmap              [   2,70527] _al_d3d_sync_bitmap (system) ref count == 1
d3d      D          d3d_bmp.cpp:473  _al_d3d_sync_bitmap              [   2,70531] _al_d3d_sync_bitmap (video) ref count == 1
d3d      D          d3d_bmp.cpp:467  _al_d3d_sync_bitmap              [   2,70568] _al_d3d_sync_bitmap (system) ref count == 1
d3d      D          d3d_bmp.cpp:473  _al_d3d_sync_bitmap              [   2,70571] _al_d3d_sync_bitmap (video) ref count == 1
d3d      D          d3d_bmp.cpp:467  _al_d3d_sync_bitmap              [   2,70611] _al_d3d_sync_bitmap (system) ref count == 1
d3d      D          d3d_bmp.cpp:473  _al_d3d_sync_bitmap              [   2,70614] _al_d3d_sync_bitmap (video) ref count == 1
d3d      D          d3d_bmp.cpp:467  _al_d3d_sync_bitmap              [   2,70652] _al_d3d_sync_bitmap (system) ref count == 1
d3d      D          d3d_bmp.cpp:473  _al_d3d_sync_bitmap              [   2,70655] _al_d3d_sync_bitmap (video) ref count == 1
d3d      D          d3d_bmp.cpp:467  _al_d3d_sync_bitmap              [   2,70686] _al_d3d_sync_bitmap (system) ref count == 1
d3d      D          d3d_bmp.cpp:473  _al_d3d_sync_bitmap              [   2,70689] _al_d3d_sync_bitmap (video) ref count == 1
d3d      D          d3d_bmp.cpp:467  _al_d3d_sync_bitmap              [   2,70719] _al_d3d_sync_bitmap (system) ref count == 1
d3d      D          d3d_bmp.cpp:473  _al_d3d_sync_bitmap              [   2,70721] _al_d3d_sync_bitmap (video) ref count == 1
d3d      D          d3d_bmp.cpp:467  _al_d3d_sync_bitmap              [   2,70754] _al_d3d_sync_bitmap (system) ref count == 1
d3d      D          d3d_bmp.cpp:473  _al_d3d_sync_bitmap              [   2,70756] _al_d3d_sync_bitmap (video) ref count == 1
d3d      D          d3d_bmp.cpp:467  _al_d3d_sync_bitmap              [   2,70787] _al_d3d_sync_bitmap (system) ref count == 1
d3d      D          d3d_bmp.cpp:473  _al_d3d_sync_bitmap              [   2,70790] _al_d3d_sync_bitmap (video) ref count == 1
d3d      D          d3d_bmp.cpp:467  _al_d3d_sync_bitmap              [   2,70821] _al_d3d_sync_bitmap (system) ref count == 1
d3d      D          d3d_bmp.cpp:473  _al_d3d_sync_bitmap              [   2,70823] _al_d3d_sync_bitmap (video) ref count == 1
d3d      D          d3d_bmp.cpp:467  _al_d3d_sync_bitmap              [   2,70863] _al_d3d_sync_bitmap (system) ref count == 1
d3d      D          d3d_bmp.cpp:473  _al_d3d_sync_bitmap              [   2,70865] _al_d3d_sync_bitmap (video) ref count == 1
d3d      D          d3d_bmp.cpp:467  _al_d3d_sync_bitmap              [   2,70914] _al_d3d_sync_bitmap (system) ref count == 1
d3d      D          d3d_bmp.cpp:473  _al_d3d_sync_bitmap              [   2,70917] _al_d3d_sync_bitmap (video) ref count == 1
d3d      D          d3d_bmp.cpp:467  _al_d3d_sync_bitmap              [   2,70948] _al_d3d_sync_bitmap (system) ref count == 1
d3d      D          d3d_bmp.cpp:473  _al_d3d_sync_bitmap              [   2,70951] _al_d3d_sync_bitmap (video) ref count == 1
d3d      D          d3d_bmp.cpp:467  _al_d3d_sync_bitmap              [   2,70979] _al_d3d_sync_bitmap (system) ref count == 1
d3d      D          d3d_bmp.cpp:473  _al_d3d_sync_bitmap              [   2,70981] _al_d3d_sync_bitmap (video) ref count == 1
d3d      D          d3d_bmp.cpp:467  _al_d3d_sync_bitmap              [   2,71012] _al_d3d_sync_bitmap (system) ref count == 1
d3d      D          d3d_bmp.cpp:473  _al_d3d_sync_bitmap              [   2,71014] _al_d3d_sync_bitmap (video) ref count == 1
d3d      D          d3d_bmp.cpp:467  _al_d3d_sync_bitmap              [   2,71047] _al_d3d_sync_bitmap (system) ref count == 1
d3d      D          d3d_bmp.cpp:473  _al_d3d_sync_bitmap              [   2,71050] _al_d3d_sync_bitmap (video) ref count == 1
d3d      D          d3d_bmp.cpp:467  _al_d3d_sync_bitmap              [   2,71089] _al_d3d_sync_bitmap (system) ref count == 1
d3d      D          d3d_bmp.cpp:473  _al_d3d_sync_bitmap              [   2,71091] _al_d3d_sync_bitmap (video) ref count == 1
d3d      D          d3d_bmp.cpp:467  _al_d3d_sync_bitmap              [   2,71129] _al_d3d_sync_bitmap (system) ref count == 1
d3d      D          d3d_bmp.cpp:473  _al_d3d_sync_bitmap              [   2,71132] _al_d3d_sync_bitmap (video) ref count == 1
d3d      D          d3d_bmp.cpp:467  _al_d3d_sync_bitmap              [   2,71166] _al_d3d_sync_bitmap (system) ref count == 1
d3d      D          d3d_bmp.cpp:473  _al_d3d_sync_bitmap              [   2,71168] _al_d3d_sync_bitmap (video) ref count == 1
d3d      D          d3d_bmp.cpp:467  _al_d3d_sync_bitmap              [   2,71201] _al_d3d_sync_bitmap (system) ref count == 1
d3d      D          d3d_bmp.cpp:473  _al_d3d_sync_bitmap              [   2,71203] _al_d3d_sync_bitmap (video) ref count == 2
d3d      D          d3d_bmp.cpp:467  _al_d3d_sync_bitmap              [   2,71253] _al_d3d_sync_bitmap (system) ref count == 1
d3d      D          d3d_bmp.cpp:473  _al_d3d_sync_bitmap              [   2,71255] _al_d3d_sync_bitmap (video) ref count == 2
d3d      D          d3d_bmp.cpp:467  _al_d3d_sync_bitmap              [   2,71308] _al_d3d_sync_bitmap (system) ref count == 1
d3d      D          d3d_bmp.cpp:473  _al_d3d_sync_bitmap              [   2,71310] _al_d3d_sync_bitmap (video) ref count == 2
